æª”æ¡ˆ:node_output_2021-05-20.logåˆªé™¤æˆåŠŸï¼
OperateData
FoodStatistics
Post | /ShowSetMenu
statusCode: [33m200[39m
bodyæœ‰å€¼: [33mtrue[39m
statusCode: [33m200[39m
bodyæœ‰å€¼: [33mtrue[39m
statusCode: [33m200[39m
bodyæœ‰å€¼: [33mtrue[39m
Post | /ShowSetMenu
statusCode: [33m200[39m
bodyæœ‰å€¼: [33mtrue[39m
Post | /OrderHistory
statusCode: [33m200[39m
bodyæœ‰å€¼: [33mtrue[39m
OperateData
FoodStatistics
statusCode: [33m200[39m
bodyæœ‰å€¼: [33mtrue[39m
statusCode: [33m200[39m
bodyæœ‰å€¼: [33mtrue[39m
Post | /ShowSetMenu
statusCode: [33m200[39m
bodyæœ‰å€¼: [33mtrue[39m
Post | /ShowSetMenu
statusCode: [33m200[39m
bodyæœ‰å€¼: [33mtrue[39m
Post | /OrderHistory
statusCode: [33m200[39m
bodyæœ‰å€¼: [33mtrue[39m
Post | /OrderCancelHistory
statusCode: [33m200[39m
bodyæœ‰å€¼: [33mtrue[39m
OperateData
statusCode: [33m200[39m
bodyæœ‰å€¼: [33mtrue[39m
OperateData
statusCode: [33m200[39m
bodyæœ‰å€¼: [33mtrue[39m
FoodStatistics
statusCode: [33m200[39m
bodyæœ‰å€¼: [33mtrue[39m
FoodStatistics
statusCode: [33m200[39m
bodyæœ‰å€¼: [33mtrue[39m
Post | /OrderHistory
statusCode: [33m200[39m
bodyæœ‰å€¼: [33mtrue[39m
Post | /OrderHistory
statusCode: [33m200[39m
bodyæœ‰å€¼: [33mtrue[39m
